<?xml version="1.0" encoding="UTF-8"?>
<!-- Generated by org.testng.reporters.JUnitXMLReporter -->
<testsuite ignored="0" hostname="DESKTOP-C1IO9DF" failures="5" tests="5" name="Linked in login test" time="4.297" errors="0" timestamp="2022-07-06T10:30:32 IST">
  <testcase classname="testng.CustomerPro" name="loadbrowser" time="4.223">
    <failure type="org.openqa.selenium.SessionNotCreatedException" message="session not created: This version of ChromeDriver only supports Chrome version 89
Current browser version is 103.0.5060.66 with binary path C:\Users\Prabu Elumalai\AppData\Local\Google\Chrome\Application\chrome.exe
Build info: version: &amp;apos;3.141.59&amp;apos;, revision: &amp;apos;e82be7d358&amp;apos;, time: &amp;apos;2018-11-14T08:25:48&amp;apos;
System info: host: &amp;apos;DESKTOP-C1IO9DF&amp;apos;, ip: &amp;apos;192.168.29.196&amp;apos;, os.name: &amp;apos;Windows 10&amp;apos;, os.arch: &amp;apos;amd64&amp;apos;, os.version: &amp;apos;10.0&amp;apos;, java.version: &amp;apos;16&amp;apos;
Driver info: driver.version: ChromeDriver
remote stacktrace: Backtrace:
	Ordinal0 [0x0010E7D3+124883]
	Ordinal0 [0x0010E7B1+124849]
	GetHandleVerifier [0x00358688+193832]
	GetHandleVerifier [0x00373AC5+305509]
	GetHandleVerifier [0x0037021B+291003]
	GetHandleVerifier [0x0036E0AC+282444]
	GetHandleVerifier [0x00394A90+440624]
	GetHandleVerifier [0x003947FC+439964]
	GetHandleVerifier [0x0039154B+426987]
	GetHandleVerifier [0x00374FFD+310941]
	GetHandleVerifier [0x00375D8E+314414]
	GetHandleVerifier [0x00375D19+314297]
	GetHandleVerifier [0x004331EC+1089676]
	GetHandleVerifier [0x004317C9+1082985]
	GetHandleVerifier [0x004313A3+1081923]
	GetHandleVerifier [0x0052D9FD+2115741]
	Ordinal0 [0x0025B82E+1488942]
	Ordinal0 [0x001F5A7D+1071741]
	Ordinal0 [0x001F559B+1070491]
	Ordinal0 [0x001F54B1+1070257]
	Ordinal0 [0x0022FF53+1310547]
	BaseThreadInitThunk [0x76DBFA29+25]
	RtlGetAppContainerNamedObjectPath [0x77B57A9E+286]
	RtlGetAppContainerNamedObjectPath [0x77B57A6E+238]
	(No symbol) [0x00000000]
">
      <![CDATA[org.openqa.selenium.SessionNotCreatedException: session not created: This version of ChromeDriver only supports Chrome version 89
Current browser version is 103.0.5060.66 with binary path C:\Users\Prabu Elumalai\AppData\Local\Google\Chrome\Application\chrome.exe
Build info: version: '3.141.59', revision: 'e82be7d358', time: '2018-11-14T08:25:48'
System info: host: 'DESKTOP-C1IO9DF', ip: '192.168.29.196', os.name: 'Windows 10', os.arch: 'amd64', os.version: '10.0', java.version: '16'
Driver info: driver.version: ChromeDriver
remote stacktrace: Backtrace:
Ordinal0 [0x0010E7D3+124883]
Ordinal0 [0x0010E7B1+124849]
GetHandleVerifier [0x00358688+193832]
GetHandleVerifier [0x00373AC5+305509]
GetHandleVerifier [0x0037021B+291003]
GetHandleVerifier [0x0036E0AC+282444]
GetHandleVerifier [0x00394A90+440624]
GetHandleVerifier [0x003947FC+439964]
GetHandleVerifier [0x0039154B+426987]
GetHandleVerifier [0x00374FFD+310941]
GetHandleVerifier [0x00375D8E+314414]
GetHandleVerifier [0x00375D19+314297]
GetHandleVerifier [0x004331EC+1089676]
GetHandleVerifier [0x004317C9+1082985]
GetHandleVerifier [0x004313A3+1081923]
GetHandleVerifier [0x0052D9FD+2115741]
Ordinal0 [0x0025B82E+1488942]
Ordinal0 [0x001F5A7D+1071741]
Ordinal0 [0x001F559B+1070491]
Ordinal0 [0x001F54B1+1070257]
Ordinal0 [0x0022FF53+1310547]
BaseThreadInitThunk [0x76DBFA29+25]
RtlGetAppContainerNamedObjectPath [0x77B57A9E+286]
RtlGetAppContainerNamedObjectPath [0x77B57A6E+238]
(No symbol) [0x00000000]

at org.openqa.selenium.remote.W3CHandshakeResponse.lambda$errorHandler$0(W3CHandshakeResponse.java:62)
at org.openqa.selenium.remote.HandshakeResponse.lambda$getResponseFunction$0(HandshakeResponse.java:30)
at org.openqa.selenium.remote.ProtocolHandshake.lambda$createSession$0(ProtocolHandshake.java:126)
at java.base/java.util.stream.ReferencePipeline$3$1.accept(ReferencePipeline.java:197)
at java.base/java.util.Spliterators$ArraySpliterator.tryAdvance(Spliterators.java:958)
at java.base/java.util.stream.ReferencePipeline.forEachWithCancel(ReferencePipeline.java:129)
at java.base/java.util.stream.AbstractPipeline.copyIntoWithCancel(AbstractPipeline.java:502)
at java.base/java.util.stream.AbstractPipeline.copyInto(AbstractPipeline.java:488)
at java.base/java.util.stream.AbstractPipeline.wrapAndCopyInto(AbstractPipeline.java:474)
at java.base/java.util.stream.FindOps$FindOp.evaluateSequential(FindOps.java:150)
at java.base/java.util.stream.AbstractPipeline.evaluate(AbstractPipeline.java:234)
at java.base/java.util.stream.ReferencePipeline.findFirst(ReferencePipeline.java:647)
at org.openqa.selenium.remote.ProtocolHandshake.createSession(ProtocolHandshake.java:128)
at org.openqa.selenium.remote.ProtocolHandshake.createSession(ProtocolHandshake.java:74)
at org.openqa.selenium.remote.HttpCommandExecutor.execute(HttpCommandExecutor.java:136)
at org.openqa.selenium.remote.service.DriverCommandExecutor.execute(DriverCommandExecutor.java:83)
at org.openqa.selenium.remote.RemoteWebDriver.execute(RemoteWebDriver.java:552)
at org.openqa.selenium.remote.RemoteWebDriver.startSession(RemoteWebDriver.java:213)
at org.openqa.selenium.remote.RemoteWebDriver.<init>(RemoteWebDriver.java:131)
at org.openqa.selenium.chrome.ChromeDriver.<init>(ChromeDriver.java:181)
at org.openqa.selenium.chrome.ChromeDriver.<init>(ChromeDriver.java:168)
at org.openqa.selenium.chrome.ChromeDriver.<init>(ChromeDriver.java:123)
at testng.CustomerPro.loadbrowser(CustomerPro.java:32)
at java.base/java.util.ArrayList.forEach(ArrayList.java:1511)
... Removed 32 stack frames]]>
    </failure>
  </testcase> <!-- loadbrowser -->
  <testcase classname="testng.CustomerPro" name="openUrl" time="0.002">
    <failure type="java.lang.NullPointerException" message="Cannot invoke &amp;quot;org.openqa.selenium.WebDriver.get(String)&amp;quot; because &amp;quot;this.driver&amp;quot; is null">
      <![CDATA[java.lang.NullPointerException: Cannot invoke "org.openqa.selenium.WebDriver.get(String)" because "this.driver" is null
at testng.CustomerPro.openUrl(CustomerPro.java:39)
at java.base/java.util.ArrayList.forEach(ArrayList.java:1511)
... Removed 27 stack frames]]>
    </failure>
  </testcase> <!-- openUrl -->
  <testcase classname="testng.CustomerPro" name="LoginTest" time="0.006">
    <failure type="java.lang.NullPointerException" message="Cannot invoke &amp;quot;org.openqa.selenium.WebDriver.findElement(org.openqa.selenium.By)&amp;quot; because &amp;quot;this.driver&amp;quot; is null">
      <![CDATA[java.lang.NullPointerException: Cannot invoke "org.openqa.selenium.WebDriver.findElement(org.openqa.selenium.By)" because "this.driver" is null
at testng.CustomerPro.LoginTest(CustomerPro.java:54)
at java.base/java.util.ArrayList.forEach(ArrayList.java:1511)
... Removed 27 stack frames]]>
    </failure>
  </testcase> <!-- LoginTest -->
  <testcase classname="testng.CustomerPro" name="newcust" time="0.001">
    <failure type="java.lang.NullPointerException" message="Cannot invoke &amp;quot;org.openqa.selenium.WebDriver.findElement(org.openqa.selenium.By)&amp;quot; because &amp;quot;this.driver&amp;quot; is null">
      <![CDATA[java.lang.NullPointerException: Cannot invoke "org.openqa.selenium.WebDriver.findElement(org.openqa.selenium.By)" because "this.driver" is null
at testng.CustomerPro.newcust(CustomerPro.java:66)
at java.base/java.util.ArrayList.forEach(ArrayList.java:1511)
... Removed 27 stack frames]]>
    </failure>
  </testcase> <!-- newcust -->
  <testcase classname="testng.CustomerPro" name="alert" time="0.0">
    <failure type="java.lang.NullPointerException" message="Cannot invoke &amp;quot;org.openqa.selenium.WebDriver.switchTo()&amp;quot; because &amp;quot;this.driver&amp;quot; is null">
      <![CDATA[java.lang.NullPointerException: Cannot invoke "org.openqa.selenium.WebDriver.switchTo()" because "this.driver" is null
at testng.CustomerPro.alert(CustomerPro.java:107)
at java.base/java.util.ArrayList.forEach(ArrayList.java:1511)
... Removed 27 stack frames]]>
    </failure>
  </testcase> <!-- alert -->
</testsuite> <!-- Linked in login test -->
